
Request: POST /uplode at Sat Nov 26 2022 18:47:21 GMT+0530, IP: ::ffff:127.0.0.1, User Agent: Thunder Client (https://www.thunderclient.com)
Response: 404 7.726 ms 

Request: POST /api/auth/sign at Sun Nov 27 2022 13:49:14 GMT+0530, IP: ::ffff:127.0.0.1, User Agent: Thunder Client (https://www.thunderclient.com)
Request Body:
{
	"username": "hey",
	"email": "The imformation is on internet asdf",
	"password": "hey"
}
Response: 404 2.332 ms 

Request: POST /users at Sun Nov 27 2022 13:57:12 GMT+0530, IP: ::ffff:127.0.0.1, User Agent: -
Request Body:
{
	"username": "username",
	"password": "password"
}
Response: 404 1.279 ms 

Request: GET /status at Sun Nov 27 2022 14:43:39 GMT+0530, IP: ::1, User Agent: Mozilla/5.0 (Macintosh; Intel Mac OS X 10_15_7) AppleWebKit/537.36 (KHTML, like Gecko) Chrome/107.0.0.0 Safari/537.36 Edg/107.0.1418.56
Response Body:
<!DOCTYPE html>
<html>
  <head>
    <title>Server Status</title>
    <script src="https://cdnjs.cloudflare.com/ajax/libs/Chart.js/2.2.2/Chart.bundle.min.js"></script>
    <script src="https://cdnjs.cloudflare.com/ajax/libs/socket.io/1.4.5/socket.io.min.js"></script>
    <style>
      * {
  font-family: Helvetica Neue, Helvetica, Arial, sans-serif;
}

body.hide-cpu .container.cpu,
body.hide-mem .container.mem,
body.hide-load .container.load,
body.hide-responseTime .container.responseTime,
body.hide-rps .container.rps,
body.hide-statusCodes .container.statusCodes {
  display: none;
}

h1 {
  font-size: 3em;
  color: #222;
  margin: 0;
}

h5 {
  margin: 0;
  color: #888;
}

h6 {
  margin: 0;
}

p {
  font-size: 0.7em;
  color: #888;
}

span {
  cursor: pointer;
  font-size: 10px;
  margin-left: 5px;
  border: 1px solid #DDD;
  padding: 3px 10px 4px 10px;
}

canvas {
  width: 400px;
  height: 100px;
}

.content {
  width: 600px;
  margin: auto;
}

.active {
  background: #eeeeee;
}

.stats
Response: 200 31.520 ms 

Request: GET /favicon.ico at Sun Nov 27 2022 14:43:42 GMT+0530, IP: ::1, User Agent: Mozilla/5.0 (Macintosh; Intel Mac OS X 10_15_7) AppleWebKit/537.36 (KHTML, like Gecko) Chrome/107.0.0.0 Safari/537.36 Edg/107.0.1418.56
Response: 404 1.555 ms 

Request: GET /socket.io/?EIO=3&transport=polling&t=OIuNcmM at Sun Nov 27 2022 14:45:06 GMT+0530, IP: ::1, User Agent: Mozilla/5.0 (Macintosh; Intel Mac OS X 10_15_7) AppleWebKit/537.36 (KHTML, like Gecko) Chrome/107.0.0.0 Safari/537.36 Edg/107.0.1418.56
Response: 404 22.486 ms 

Request: GET /admin/health/ex1 at Sun Nov 27 2022 14:45:15 GMT+0530, IP: ::ffff:127.0.0.1, User Agent: axios/0.26.0
Response: 404 0.395 ms 

Request: GET /admin/health/ex2 at Sun Nov 27 2022 14:45:15 GMT+0530, IP: ::ffff:127.0.0.1, User Agent: axios/0.26.0
Response: 404 2.453 ms 

Request: GET /status at Sun Nov 27 2022 14:45:15 GMT+0530, IP: ::1, User Agent: Mozilla/5.0 (Macintosh; Intel Mac OS X 10_15_7) AppleWebKit/537.36 (KHTML, like Gecko) Chrome/107.0.0.0 Safari/537.36 Edg/107.0.1418.56
Response Body:
<!DOCTYPE html>
<html>
  <head>
    <title>Server Status</title>
    <script src="https://cdnjs.cloudflare.com/ajax/libs/Chart.js/2.2.2/Chart.bundle.min.js"></script>
    <script src="https://cdnjs.cloudflare.com/ajax/libs/socket.io/1.4.5/socket.io.min.js"></script>
    <style>
      * {
  font-family: Helvetica Neue, Helvetica, Arial, sans-serif;
}

body.hide-cpu .container.cpu,
body.hide-mem .container.mem,
body.hide-load .container.load,
body.hide-responseTime .container.responseTime,
body.hide-rps .container.rps,
body.hide-statusCodes .container.statusCodes {
  display: none;
}

h1 {
  font-size: 3em;
  color: #222;
  margin: 0;
}

h5 {
  margin: 0;
  color: #888;
}

h6 {
  margin: 0;
}

p {
  font-size: 0.7em;
  color: #888;
}

span {
  cursor: pointer;
  font-size: 10px;
  margin-left: 5px;
  border: 1px solid #DDD;
  padding: 3px 10px 4px 10px;
}

canvas {
  width: 400px;
  height: 100px;
}

.content {
  width: 600px;
  margin: auto;
}

.active {
  background: #eeeeee;
}

.stats
Response: 200 27.628 ms 

Request: GET /socket.io/?EIO=3&transport=polling&t=OIuNgob at Sun Nov 27 2022 14:45:23 GMT+0530, IP: ::1, User Agent: Mozilla/5.0 (Macintosh; Intel Mac OS X 10_15_7) AppleWebKit/537.36 (KHTML, like Gecko) Chrome/107.0.0.0 Safari/537.36 Edg/107.0.1418.56
Response: 404 17.888 ms 

Request: GET /socket.io/?EIO=3&transport=polling&t=OIuNhHw at Sun Nov 27 2022 14:45:25 GMT+0530, IP: ::1, User Agent: Mozilla/5.0 (Macintosh; Intel Mac OS X 10_15_7) AppleWebKit/537.36 (KHTML, like Gecko) Chrome/107.0.0.0 Safari/537.36 Edg/107.0.1418.56
Response: 404 12.246 ms 

Request: GET /socket.io/?EIO=3&transport=polling&t=OIuNin6 at Sun Nov 27 2022 14:45:31 GMT+0530, IP: ::1, User Agent: Mozilla/5.0 (Macintosh; Intel Mac OS X 10_15_7) AppleWebKit/537.36 (KHTML, like Gecko) Chrome/107.0.0.0 Safari/537.36 Edg/107.0.1418.56
Response: 404 13.233 ms 

Request: GET /socket.io/?EIO=3&transport=polling&t=OIuNkEs at Sun Nov 27 2022 14:45:37 GMT+0530, IP: ::1, User Agent: Mozilla/5.0 (Macintosh; Intel Mac OS X 10_15_7) AppleWebKit/537.36 (KHTML, like Gecko) Chrome/107.0.0.0 Safari/537.36 Edg/107.0.1418.56
Response: 404 15.758 ms 

Request: GET /socket.io/?EIO=3&transport=polling&t=OIuNlh5 at Sun Nov 27 2022 14:45:43 GMT+0530, IP: ::1, User Agent: Mozilla/5.0 (Macintosh; Intel Mac OS X 10_15_7) AppleWebKit/537.36 (KHTML, like Gecko) Chrome/107.0.0.0 Safari/537.36 Edg/107.0.1418.56
Response: 404 12.212 ms 

Request: GET /socket.io/?EIO=3&transport=polling&t=OIuNntj at Sun Nov 27 2022 14:45:52 GMT+0530, IP: ::1, User Agent: Mozilla/5.0 (Macintosh; Intel Mac OS X 10_15_7) AppleWebKit/537.36 (KHTML, like Gecko) Chrome/107.0.0.0 Safari/537.36 Edg/107.0.1418.56
Response: 404 14.023 ms 

Request: GET /socket.io/?EIO=3&transport=polling&t=OIuNoMz at Sun Nov 27 2022 14:45:54 GMT+0530, IP: ::1, User Agent: Mozilla/5.0 (Macintosh; Intel Mac OS X 10_15_7) AppleWebKit/537.36 (KHTML, like Gecko) Chrome/107.0.0.0 Safari/537.36 Edg/107.0.1418.56
Response: 404 13.848 ms 

Request: GET /api/auth/signin at Sun Nov 27 2022 14:45:54 GMT+0530, IP: ::ffff:127.0.0.1, User Agent: axios/0.26.0
Response: 404 0.912 ms 

Request: GET /api/auth/sign at Sun Nov 27 2022 14:45:54 GMT+0530, IP: ::ffff:127.0.0.1, User Agent: axios/0.26.0
Response: 404 1.536 ms 

Request: GET /status at Sun Nov 27 2022 14:45:54 GMT+0530, IP: ::1, User Agent: Mozilla/5.0 (Macintosh; Intel Mac OS X 10_15_7) AppleWebKit/537.36 (KHTML, like Gecko) Chrome/107.0.0.0 Safari/537.36 Edg/107.0.1418.56
Response Body:
<!DOCTYPE html>
<html>
  <head>
    <title>Server Status</title>
    <script src="https://cdnjs.cloudflare.com/ajax/libs/Chart.js/2.2.2/Chart.bundle.min.js"></script>
    <script src="https://cdnjs.cloudflare.com/ajax/libs/socket.io/1.4.5/socket.io.min.js"></script>
    <style>
      * {
  font-family: Helvetica Neue, Helvetica, Arial, sans-serif;
}

body.hide-cpu .container.cpu,
body.hide-mem .container.mem,
body.hide-load .container.load,
body.hide-responseTime .container.responseTime,
body.hide-rps .container.rps,
body.hide-statusCodes .container.statusCodes {
  display: none;
}

h1 {
  font-size: 3em;
  color: #222;
  margin: 0;
}

h5 {
  margin: 0;
  color: #888;
}

h6 {
  margin: 0;
}

p {
  font-size: 0.7em;
  color: #888;
}

span {
  cursor: pointer;
  font-size: 10px;
  margin-left: 5px;
  border: 1px solid #DDD;
  padding: 3px 10px 4px 10px;
}

canvas {
  width: 400px;
  height: 100px;
}

.content {
  width: 600px;
  margin: auto;
}

.active {
  background: #eeeeee;
}

.stats
Response: 200 29.789 ms 

Request: POST /socket.io/?EIO=3&transport=polling&t=OIuNoo-&sid=VnnwFdkXnyHvRYRxAAAA at Sun Nov 27 2022 14:45:56 GMT+0530, IP: ::1, User Agent: Mozilla/5.0 (Macintosh; Intel Mac OS X 10_15_7) AppleWebKit/537.36 (KHTML, like Gecko) Chrome/107.0.0.0 Safari/537.36 Edg/107.0.1418.56
Response: 404 12.491 ms 

Request: GET /api/auth/signin at Sun Nov 27 2022 14:46:02 GMT+0530, IP: ::ffff:127.0.0.1, User Agent: axios/0.26.0
Response: 404 1.011 ms 

Request: GET /api/auth/signup at Sun Nov 27 2022 14:46:02 GMT+0530, IP: ::ffff:127.0.0.1, User Agent: axios/0.26.0
Response: 404 1.863 ms 

Request: GET /status at Sun Nov 27 2022 14:46:02 GMT+0530, IP: ::1, User Agent: Mozilla/5.0 (Macintosh; Intel Mac OS X 10_15_7) AppleWebKit/537.36 (KHTML, like Gecko) Chrome/107.0.0.0 Safari/537.36 Edg/107.0.1418.56
Response Body:
<!DOCTYPE html>
<html>
  <head>
    <title>Server Status</title>
    <script src="https://cdnjs.cloudflare.com/ajax/libs/Chart.js/2.2.2/Chart.bundle.min.js"></script>
    <script src="https://cdnjs.cloudflare.com/ajax/libs/socket.io/1.4.5/socket.io.min.js"></script>
    <style>
      * {
  font-family: Helvetica Neue, Helvetica, Arial, sans-serif;
}

body.hide-cpu .container.cpu,
body.hide-mem .container.mem,
body.hide-load .container.load,
body.hide-responseTime .container.responseTime,
body.hide-rps .container.rps,
body.hide-statusCodes .container.statusCodes {
  display: none;
}

h1 {
  font-size: 3em;
  color: #222;
  margin: 0;
}

h5 {
  margin: 0;
  color: #888;
}

h6 {
  margin: 0;
}

p {
  font-size: 0.7em;
  color: #888;
}

span {
  cursor: pointer;
  font-size: 10px;
  margin-left: 5px;
  border: 1px solid #DDD;
  padding: 3px 10px 4px 10px;
}

canvas {
  width: 400px;
  height: 100px;
}

.content {
  width: 600px;
  margin: auto;
}

.active {
  background: #eeeeee;
}

.stats
Response: 200 28.339 ms 

Request: GET /socket.io/?EIO=3&transport=polling&t=OIuO7hu at Sun Nov 27 2022 14:47:21 GMT+0530, IP: ::1, User Agent: Mozilla/5.0 (Macintosh; Intel Mac OS X 10_15_7) AppleWebKit/537.36 (KHTML, like Gecko) Chrome/107.0.0.0 Safari/537.36 Edg/107.0.1418.56
Response: 404 27.789 ms 

Request: GET /api/auth/signin at Sun Nov 27 2022 14:48:41 GMT+0530, IP: ::ffff:127.0.0.1, User Agent: axios/0.26.0
Response: 404 4.488 ms 

Request: GET /status at Sun Nov 27 2022 14:48:41 GMT+0530, IP: ::1, User Agent: Mozilla/5.0 (Macintosh; Intel Mac OS X 10_15_7) AppleWebKit/537.36 (KHTML, like Gecko) Chrome/107.0.0.0 Safari/537.36 Edg/107.0.1418.56
Response Body:
<!DOCTYPE html>
<html>
  <head>
    <title>Server Status</title>
    <script src="https://cdnjs.cloudflare.com/ajax/libs/Chart.js/2.2.2/Chart.bundle.min.js"></script>
    <script src="https://cdnjs.cloudflare.com/ajax/libs/socket.io/1.4.5/socket.io.min.js"></script>
    <style>
      * {
  font-family: Helvetica Neue, Helvetica, Arial, sans-serif;
}

body.hide-cpu .container.cpu,
body.hide-mem .container.mem,
body.hide-load .container.load,
body.hide-responseTime .container.responseTime,
body.hide-rps .container.rps,
body.hide-statusCodes .container.statusCodes {
  display: none;
}

h1 {
  font-size: 3em;
  color: #222;
  margin: 0;
}

h5 {
  margin: 0;
  color: #888;
}

h6 {
  margin: 0;
}

p {
  font-size: 0.7em;
  color: #888;
}

span {
  cursor: pointer;
  font-size: 10px;
  margin-left: 5px;
  border: 1px solid #DDD;
  padding: 3px 10px 4px 10px;
}

canvas {
  width: 400px;
  height: 100px;
}

.content {
  width: 600px;
  margin: auto;
}

.active {
  background: #eeeeee;
}

.stats
Response: 200 46.737 ms 

Request: GET /socket.io/?EIO=3&transport=polling&t=OIuOTNS at Sun Nov 27 2022 14:48:50 GMT+0530, IP: ::1, User Agent: Mozilla/5.0 (Macintosh; Intel Mac OS X 10_15_7) AppleWebKit/537.36 (KHTML, like Gecko) Chrome/107.0.0.0 Safari/537.36 Edg/107.0.1418.56
Response: 404 12.893 ms 

Request: GET /socket.io/?EIO=3&transport=polling&t=OIuOXF2 at Sun Nov 27 2022 14:49:06 GMT+0530, IP: ::1, User Agent: Mozilla/5.0 (Macintosh; Intel Mac OS X 10_15_7) AppleWebKit/537.36 (KHTML, like Gecko) Chrome/107.0.0.0 Safari/537.36 Edg/107.0.1418.56
Response: 404 13.156 ms 

Request: GET /socket.io/?EIO=3&transport=polling&t=OIuOb92 at Sun Nov 27 2022 14:49:22 GMT+0530, IP: ::1, User Agent: Mozilla/5.0 (Macintosh; Intel Mac OS X 10_15_7) AppleWebKit/537.36 (KHTML, like Gecko) Chrome/107.0.0.0 Safari/537.36 Edg/107.0.1418.56
Response: 404 13.574 ms 

Request: GET /socket.io/?EIO=3&transport=polling&t=OIuOchY at Sun Nov 27 2022 14:49:28 GMT+0530, IP: ::1, User Agent: Mozilla/5.0 (Macintosh; Intel Mac OS X 10_15_7) AppleWebKit/537.36 (KHTML, like Gecko) Chrome/107.0.0.0 Safari/537.36 Edg/107.0.1418.56
Response: 404 12.265 ms 

Request: GET /socket.io/?EIO=3&transport=polling&t=OIuOdwX at Sun Nov 27 2022 14:49:33 GMT+0530, IP: ::1, User Agent: Mozilla/5.0 (Macintosh; Intel Mac OS X 10_15_7) AppleWebKit/537.36 (KHTML, like Gecko) Chrome/107.0.0.0 Safari/537.36 Edg/107.0.1418.56
Response: 404 18.916 ms 

Request: GET /status at Sun Nov 27 2022 14:49:33 GMT+0530, IP: ::1, User Agent: Mozilla/5.0 (Macintosh; Intel Mac OS X 10_15_7) AppleWebKit/537.36 (KHTML, like Gecko) Chrome/107.0.0.0 Safari/537.36 Edg/107.0.1418.56
Response Body:
<!DOCTYPE html>
<html>
  <head>
    <title>Server Status</title>
    <script src="https://cdnjs.cloudflare.com/ajax/libs/Chart.js/2.2.2/Chart.bundle.min.js"></script>
    <script src="https://cdnjs.cloudflare.com/ajax/libs/socket.io/1.4.5/socket.io.min.js"></script>
    <style>
      * {
  font-family: Helvetica Neue, Helvetica, Arial, sans-serif;
}

body.hide-cpu .container.cpu,
body.hide-mem .container.mem,
body.hide-load .container.load,
body.hide-responseTime .container.responseTime,
body.hide-rps .container.rps,
body.hide-statusCodes .container.statusCodes {
  display: none;
}

h1 {
  font-size: 3em;
  color: #222;
  margin: 0;
}

h5 {
  margin: 0;
  color: #888;
}

h6 {
  margin: 0;
}

p {
  font-size: 0.7em;
  color: #888;
}

span {
  cursor: pointer;
  font-size: 10px;
  margin-left: 5px;
  border: 1px solid #DDD;
  padding: 3px 10px 4px 10px;
}

canvas {
  width: 400px;
  height: 100px;
}

.content {
  width: 600px;
  margin: auto;
}

.active {
  background: #eeeeee;
}

.stats
Response: 200 27.191 ms 

Request: GET /socket.io/?EIO=3&transport=polling&t=OIuOr6s at Sun Nov 27 2022 14:50:27 GMT+0530, IP: ::1, User Agent: Mozilla/5.0 (Macintosh; Intel Mac OS X 10_15_7) AppleWebKit/537.36 (KHTML, like Gecko) Chrome/107.0.0.0 Safari/537.36 Edg/107.0.1418.56
Response: 404 15.495 ms 
